2025-06-05 10:46:35 | INFO | main:main:35 - Starting bot...
2025-06-05 10:46:35 | INFO | access_manager:load_allowed_users:19 - Загружено 3 разрешенных пользователей из allowed_users.txt
2025-06-05 10:46:35 | INFO | main:on_startup_tasks:26 - Initializing database...
2025-06-05 10:46:35 | INFO | main:on_startup_tasks:28 - Database initialized successfully
2025-06-05 10:46:35 | INFO | main:on_startup_tasks:30 - Starting gift parsing loop...
2025-06-05 10:46:35 | INFO | logger:emit:13 - Start polling
2025-06-05 10:46:35 | INFO | logger:emit:13 - Run polling for bot @skillstufferbot id=7765773913 - '.'
2025-06-05 10:46:35 | INFO | gift_parser:start_gift_parsing_loop:103 - Added new gift: 5170145012310081615
2025-06-05 10:46:35 | INFO | gift_parser:start_gift_parsing_loop:103 - Added new gift: 5170233102089322756
2025-06-05 10:46:35 | INFO | gift_parser:start_gift_parsing_loop:103 - Added new gift: 5170250947678437525
2025-06-05 10:46:35 | INFO | gift_parser:start_gift_parsing_loop:103 - Added new gift: 5168103777563050263
2025-06-05 10:46:35 | INFO | gift_parser:start_gift_parsing_loop:103 - Added new gift: 5170144170496491616
2025-06-05 10:46:35 | INFO | gift_parser:start_gift_parsing_loop:103 - Added new gift: 5170314324215857265
2025-06-05 10:46:35 | INFO | gift_parser:start_gift_parsing_loop:103 - Added new gift: 5170564780938756245
2025-06-05 10:46:35 | INFO | gift_parser:start_gift_parsing_loop:103 - Added new gift: 5168043875654172773
2025-06-05 10:46:35 | INFO | gift_parser:start_gift_parsing_loop:103 - Added new gift: 5170690322832818290
2025-06-05 10:46:35 | INFO | gift_parser:start_gift_parsing_loop:103 - Added new gift: 5170521118301225164
2025-06-05 10:46:35 | INFO | gift_parser:start_gift_parsing_loop:103 - Added new gift: 6028601630662853006
2025-06-05 10:46:35 | INFO | gift_parser:start_gift_parsing_loop:103 - Added new gift: 5782984811920491178
2025-06-05 10:46:35 | INFO | gift_parser:start_gift_parsing_loop:107 - Gift list successfully updated in the database.
2025-06-05 10:46:39 | INFO | gift_parser:start_gift_parsing_loop:107 - Gift list successfully updated in the database.
2025-06-05 10:46:40 | ERROR | logger:emit:13 - Failed to fetch updates - TelegramConflictError: Telegram server says - Conflict: terminated by other getUpdates request; make sure that only one bot instance is running
2025-06-05 10:46:40 | WARNING | logger:emit:13 - Sleep for 1.000000 seconds and try again... (tryings = 0, bot id = 7765773913)
2025-06-05 10:46:42 | INFO | gift_parser:start_gift_parsing_loop:89 - Updated gift data 5782984811920491178: price=350, remaining=81458, total=500000.
2025-06-05 10:46:42 | INFO | gift_parser:start_gift_parsing_loop:107 - Gift list successfully updated in the database.
2025-06-05 10:46:45 | ERROR | logger:emit:13 - Failed to fetch updates - TelegramConflictError: Telegram server says - Conflict: terminated by other getUpdates request; make sure that only one bot instance is running
2025-06-05 10:46:45 | WARNING | logger:emit:13 - Sleep for 1.197646 seconds and try again... (tryings = 1, bot id = 7765773913)
2025-06-05 10:46:45 | INFO | gift_parser:start_gift_parsing_loop:89 - Updated gift data 5782984811920491178: price=350, remaining=81461, total=500000.
2025-06-05 10:46:45 | INFO | gift_parser:start_gift_parsing_loop:107 - Gift list successfully updated in the database.
2025-06-05 10:46:49 | INFO | gift_parser:start_gift_parsing_loop:107 - Gift list successfully updated in the database.
2025-06-05 10:46:51 | ERROR | logger:emit:13 - Failed to fetch updates - TelegramConflictError: Telegram server says - Conflict: terminated by other getUpdates request; make sure that only one bot instance is running
2025-06-05 10:46:51 | WARNING | logger:emit:13 - Sleep for 1.526468 seconds and try again... (tryings = 2, bot id = 7765773913)
2025-06-05 10:46:52 | INFO | gift_parser:start_gift_parsing_loop:89 - Updated gift data 5782984811920491178: price=350, remaining=81458, total=500000.
2025-06-05 10:46:52 | INFO | gift_parser:start_gift_parsing_loop:107 - Gift list successfully updated in the database.
2025-06-05 10:46:55 | INFO | gift_parser:start_gift_parsing_loop:107 - Gift list successfully updated in the database.
2025-06-05 10:46:59 | INFO | gift_parser:start_gift_parsing_loop:107 - Gift list successfully updated in the database.
2025-06-05 10:47:02 | INFO | gift_parser:start_gift_parsing_loop:107 - Gift list successfully updated in the database.
2025-06-05 10:47:03 | INFO | logger:emit:13 - Connection established (tryings = 3, bot id = 7765773913)
2025-06-05 10:47:05 | INFO | gift_parser:start_gift_parsing_loop:107 - Gift list successfully updated in the database.
2025-06-05 10:47:09 | INFO | gift_parser:start_gift_parsing_loop:107 - Gift list successfully updated in the database.
2025-06-05 10:47:12 | INFO | gift_parser:start_gift_parsing_loop:107 - Gift list successfully updated in the database.
2025-06-05 10:47:15 | INFO | gift_parser:start_gift_parsing_loop:107 - Gift list successfully updated in the database.
2025-06-05 10:47:19 | INFO | gift_parser:start_gift_parsing_loop:107 - Gift list successfully updated in the database.
2025-06-05 10:47:22 | INFO | gift_parser:start_gift_parsing_loop:107 - Gift list successfully updated in the database.
2025-06-05 10:47:25 | INFO | gift_parser:start_gift_parsing_loop:107 - Gift list successfully updated in the database.
2025-06-05 10:47:28 | INFO | gift_parser:start_gift_parsing_loop:107 - Gift list successfully updated in the database.
2025-06-05 10:47:32 | INFO | gift_parser:start_gift_parsing_loop:89 - Updated gift data 5782984811920491178: price=350, remaining=81457, total=500000.
2025-06-05 10:47:32 | INFO | gift_parser:start_gift_parsing_loop:107 - Gift list successfully updated in the database.
2025-06-05 10:47:35 | INFO | gift_parser:start_gift_parsing_loop:107 - Gift list successfully updated in the database.
2025-06-05 10:47:38 | INFO | gift_parser:start_gift_parsing_loop:107 - Gift list successfully updated in the database.
2025-06-05 10:47:42 | INFO | gift_parser:start_gift_parsing_loop:107 - Gift list successfully updated in the database.
2025-06-05 10:47:45 | INFO | gift_parser:start_gift_parsing_loop:107 - Gift list successfully updated in the database.
2025-06-05 10:47:48 | INFO | gift_parser:start_gift_parsing_loop:107 - Gift list successfully updated in the database.
2025-06-05 10:47:52 | INFO | gift_parser:start_gift_parsing_loop:107 - Gift list successfully updated in the database.
2025-06-05 10:47:55 | INFO | gift_parser:start_gift_parsing_loop:107 - Gift list successfully updated in the database.
2025-06-05 10:47:58 | INFO | gift_parser:start_gift_parsing_loop:107 - Gift list successfully updated in the database.
2025-06-05 10:48:02 | INFO | gift_parser:start_gift_parsing_loop:107 - Gift list successfully updated in the database.
2025-06-05 10:48:05 | INFO | gift_parser:start_gift_parsing_loop:107 - Gift list successfully updated in the database.
2025-06-05 10:48:08 | INFO | gift_parser:start_gift_parsing_loop:107 - Gift list successfully updated in the database.
2025-06-05 10:48:12 | INFO | gift_parser:start_gift_parsing_loop:107 - Gift list successfully updated in the database.
2025-06-05 10:48:15 | INFO | gift_parser:start_gift_parsing_loop:107 - Gift list successfully updated in the database.
2025-06-05 10:48:18 | INFO | gift_parser:start_gift_parsing_loop:89 - Updated gift data 5782984811920491178: price=350, remaining=81453, total=500000.
2025-06-05 10:48:18 | INFO | gift_parser:start_gift_parsing_loop:107 - Gift list successfully updated in the database.
2025-06-05 10:48:21 | INFO | gift_parser:start_gift_parsing_loop:107 - Gift list successfully updated in the database.
2025-06-05 10:48:25 | INFO | gift_parser:start_gift_parsing_loop:107 - Gift list successfully updated in the database.
2025-06-05 10:48:28 | INFO | gift_parser:start_gift_parsing_loop:107 - Gift list successfully updated in the database.
2025-06-05 10:48:31 | INFO | gift_parser:start_gift_parsing_loop:107 - Gift list successfully updated in the database.
2025-06-05 10:48:35 | INFO | gift_parser:start_gift_parsing_loop:107 - Gift list successfully updated in the database.
2025-06-05 10:48:38 | INFO | gift_parser:start_gift_parsing_loop:107 - Gift list successfully updated in the database.
2025-06-05 10:48:41 | INFO | gift_parser:start_gift_parsing_loop:107 - Gift list successfully updated in the database.
2025-06-05 10:48:45 | INFO | gift_parser:start_gift_parsing_loop:107 - Gift list successfully updated in the database.
2025-06-05 10:48:48 | INFO | gift_parser:start_gift_parsing_loop:107 - Gift list successfully updated in the database.
2025-06-05 10:48:51 | INFO | gift_parser:start_gift_parsing_loop:107 - Gift list successfully updated in the database.
2025-06-05 10:48:55 | INFO | gift_parser:start_gift_parsing_loop:107 - Gift list successfully updated in the database.
2025-06-05 10:48:58 | INFO | gift_parser:start_gift_parsing_loop:107 - Gift list successfully updated in the database.
2025-06-05 10:49:01 | INFO | gift_parser:start_gift_parsing_loop:107 - Gift list successfully updated in the database.
2025-06-05 10:49:04 | INFO | gift_parser:start_gift_parsing_loop:107 - Gift list successfully updated in the database.
2025-06-05 10:49:08 | INFO | gift_parser:start_gift_parsing_loop:107 - Gift list successfully updated in the database.
2025-06-05 10:49:11 | INFO | gift_parser:start_gift_parsing_loop:107 - Gift list successfully updated in the database.
2025-06-05 10:49:14 | INFO | gift_parser:start_gift_parsing_loop:107 - Gift list successfully updated in the database.
2025-06-05 10:49:18 | INFO | gift_parser:start_gift_parsing_loop:89 - Updated gift data 5782984811920491178: price=350, remaining=81452, total=500000.
2025-06-05 10:49:18 | INFO | gift_parser:start_gift_parsing_loop:107 - Gift list successfully updated in the database.
2025-06-05 10:49:21 | INFO | gift_parser:start_gift_parsing_loop:107 - Gift list successfully updated in the database.
2025-06-05 10:49:24 | INFO | gift_parser:start_gift_parsing_loop:107 - Gift list successfully updated in the database.
2025-06-05 10:49:28 | INFO | gift_parser:start_gift_parsing_loop:107 - Gift list successfully updated in the database.
2025-06-05 10:49:31 | INFO | gift_parser:start_gift_parsing_loop:107 - Gift list successfully updated in the database.
2025-06-05 10:49:34 | INFO | gift_parser:start_gift_parsing_loop:107 - Gift list successfully updated in the database.
2025-06-05 10:49:38 | INFO | gift_parser:start_gift_parsing_loop:107 - Gift list successfully updated in the database.
2025-06-05 10:49:41 | INFO | gift_parser:start_gift_parsing_loop:107 - Gift list successfully updated in the database.
2025-06-05 10:49:44 | INFO | gift_parser:start_gift_parsing_loop:107 - Gift list successfully updated in the database.
2025-06-05 10:49:48 | INFO | gift_parser:start_gift_parsing_loop:107 - Gift list successfully updated in the database.
2025-06-05 10:49:51 | INFO | gift_parser:start_gift_parsing_loop:107 - Gift list successfully updated in the database.
2025-06-05 10:49:54 | INFO | gift_parser:start_gift_parsing_loop:107 - Gift list successfully updated in the database.
2025-06-05 10:49:58 | INFO | gift_parser:start_gift_parsing_loop:107 - Gift list successfully updated in the database.
2025-06-05 13:38:40 | INFO | main:on_startup:28 - 🚀 Running startup tasks...
2025-06-05 13:38:40 | INFO | access_manager:load_allowed_users:19 - Загружено 4 разрешенных пользователей из allowed_users.txt
2025-06-05 13:39:58 | INFO | main:on_startup:28 - 🚀 Running startup tasks...
2025-06-05 13:39:58 | INFO | access_manager:load_allowed_users:19 - Загружено 4 разрешенных пользователей из allowed_users.txt
2025-06-05 13:39:59 | INFO | main:on_startup:45 - ✅ Webhook set to https://example.com/webhook
2025-06-05 13:39:59 | INFO | gift_parser:start_gift_parsing_loop:89 - Updated gift data 5782984811920491178: price=350, remaining=80918, total=500000.
2025-06-05 13:39:59 | INFO | gift_parser:start_gift_parsing_loop:107 - Gift list successfully updated in the database.
2025-06-05 13:40:02 | INFO | gift_parser:start_gift_parsing_loop:107 - Gift list successfully updated in the database.
2025-06-05 13:40:05 | INFO | gift_parser:start_gift_parsing_loop:107 - Gift list successfully updated in the database.
2025-06-05 13:40:09 | INFO | gift_parser:start_gift_parsing_loop:107 - Gift list successfully updated in the database.
2025-06-05 13:40:12 | INFO | gift_parser:start_gift_parsing_loop:89 - Updated gift data 5782984811920491178: price=350, remaining=80915, total=500000.
2025-06-05 13:40:12 | INFO | gift_parser:start_gift_parsing_loop:107 - Gift list successfully updated in the database.
2025-06-05 13:40:15 | INFO | gift_parser:start_gift_parsing_loop:107 - Gift list successfully updated in the database.
2025-06-05 13:40:19 | INFO | gift_parser:start_gift_parsing_loop:107 - Gift list successfully updated in the database.
2025-06-05 13:40:22 | INFO | gift_parser:start_gift_parsing_loop:107 - Gift list successfully updated in the database.
2025-06-05 13:40:25 | INFO | gift_parser:start_gift_parsing_loop:107 - Gift list successfully updated in the database.
2025-06-05 13:40:28 | INFO | gift_parser:start_gift_parsing_loop:107 - Gift list successfully updated in the database.
2025-06-05 13:50:11 | INFO | main:on_startup:28 - 🚀 Running startup tasks...
2025-06-05 13:50:11 | INFO | access_manager:load_allowed_users:19 - Загружено 4 разрешенных пользователей из allowed_users.txt
2025-06-05 13:50:11 | INFO | main:on_startup:45 - ✅ Webhook set to https://example.com/webhook
2025-06-05 13:50:11 | INFO | gift_parser:start_gift_parsing_loop:89 - Updated gift data 5782984811920491178: price=350, remaining=80891, total=500000.
2025-06-05 13:50:11 | INFO | gift_parser:start_gift_parsing_loop:107 - Gift list successfully updated in the database.
2025-06-05 13:50:15 | INFO | gift_parser:start_gift_parsing_loop:107 - Gift list successfully updated in the database.
2025-06-05 13:50:18 | INFO | gift_parser:start_gift_parsing_loop:107 - Gift list successfully updated in the database.
2025-06-05 13:50:21 | INFO | gift_parser:start_gift_parsing_loop:107 - Gift list successfully updated in the database.
2025-06-05 13:50:25 | INFO | gift_parser:start_gift_parsing_loop:107 - Gift list successfully updated in the database.
2025-06-05 13:50:28 | INFO | gift_parser:start_gift_parsing_loop:107 - Gift list successfully updated in the database.
2025-06-05 13:50:31 | INFO | gift_parser:start_gift_parsing_loop:107 - Gift list successfully updated in the database.
2025-06-05 13:50:34 | INFO | gift_parser:start_gift_parsing_loop:107 - Gift list successfully updated in the database.
2025-06-05 13:50:38 | INFO | gift_parser:start_gift_parsing_loop:107 - Gift list successfully updated in the database.
2025-06-05 13:50:41 | INFO | gift_parser:start_gift_parsing_loop:107 - Gift list successfully updated in the database.
2025-06-05 13:50:44 | INFO | gift_parser:start_gift_parsing_loop:107 - Gift list successfully updated in the database.
2025-06-05 13:50:48 | INFO | gift_parser:start_gift_parsing_loop:107 - Gift list successfully updated in the database.
2025-06-05 13:50:51 | INFO | gift_parser:start_gift_parsing_loop:107 - Gift list successfully updated in the database.
2025-06-05 13:50:54 | INFO | gift_parser:start_gift_parsing_loop:107 - Gift list successfully updated in the database.
2025-06-05 13:50:58 | INFO | gift_parser:start_gift_parsing_loop:107 - Gift list successfully updated in the database.
2025-06-05 13:51:01 | INFO | gift_parser:start_gift_parsing_loop:107 - Gift list successfully updated in the database.
2025-06-05 13:51:04 | INFO | gift_parser:start_gift_parsing_loop:107 - Gift list successfully updated in the database.
2025-06-05 14:04:48 | INFO | main:main:35 - Starting bot...
2025-06-05 14:04:48 | INFO | access_manager:load_allowed_users:19 - Загружено 4 разрешенных пользователей из allowed_users.txt
2025-06-05 14:04:48 | INFO | main:on_startup_tasks:26 - Initializing database...
2025-06-05 14:04:48 | INFO | main:on_startup_tasks:28 - Database initialized successfully
2025-06-05 14:04:48 | INFO | main:on_startup_tasks:30 - Starting gift parsing loop...
2025-06-05 14:04:48 | INFO | logger:emit:13 - Start polling
2025-06-05 14:04:48 | INFO | logger:emit:13 - Run polling for bot @skillstufferbot id=7765773913 - '.'
2025-06-05 14:04:48 | INFO | gift_parser:start_gift_parsing_loop:89 - Updated gift data 5782984811920491178: price=350, remaining=80824, total=500000.
2025-06-05 14:04:48 | INFO | gift_parser:start_gift_parsing_loop:107 - Gift list successfully updated in the database.
2025-06-05 14:04:52 | INFO | gift_parser:start_gift_parsing_loop:107 - Gift list successfully updated in the database.
2025-06-05 14:04:55 | INFO | gift_parser:start_gift_parsing_loop:107 - Gift list successfully updated in the database.
2025-06-05 14:04:58 | INFO | gift_parser:start_gift_parsing_loop:107 - Gift list successfully updated in the database.
2025-06-05 14:04:59 | DEBUG | acl:__call__:49 - Доступ разрешен для пользователя 627843971 (message)
2025-06-05 14:05:00 | INFO | logger:emit:13 - Update id=275802315 is handled. Duration 264 ms by bot id=7765773913
2025-06-05 14:05:02 | INFO | gift_parser:start_gift_parsing_loop:107 - Gift list successfully updated in the database.
2025-06-05 14:05:02 | DEBUG | acl:__call__:49 - Доступ разрешен для пользователя 627843971 (message)
2025-06-05 14:05:02 | INFO | logger:emit:13 - Update id=275802316 is handled. Duration 108 ms by bot id=7765773913
2025-06-05 14:05:05 | DEBUG | acl:__call__:49 - Доступ разрешен для пользователя 627843971 (message)
2025-06-05 14:05:05 | INFO | gift_parser:start_gift_parsing_loop:107 - Gift list successfully updated in the database.
2025-06-05 14:05:05 | INFO | logger:emit:13 - Update id=275802317 is handled. Duration 139 ms by bot id=7765773913
2025-06-05 14:05:06 | DEBUG | acl:__call__:49 - Доступ разрешен для пользователя 627843971 (message)
2025-06-05 14:05:07 | INFO | logger:emit:13 - Update id=275802318 is handled. Duration 125 ms by bot id=7765773913
2025-06-05 14:05:08 | DEBUG | acl:__call__:49 - Доступ разрешен для пользователя 627843971 (message)
2025-06-05 14:05:08 | INFO | logger:emit:13 - Update id=275802319 is handled. Duration 172 ms by bot id=7765773913
2025-06-05 14:05:08 | INFO | gift_parser:start_gift_parsing_loop:107 - Gift list successfully updated in the database.
2025-06-05 14:05:12 | INFO | gift_parser:start_gift_parsing_loop:107 - Gift list successfully updated in the database.
2025-06-05 14:05:15 | INFO | gift_parser:start_gift_parsing_loop:107 - Gift list successfully updated in the database.
2025-06-05 14:05:18 | INFO | gift_parser:start_gift_parsing_loop:107 - Gift list successfully updated in the database.
2025-06-05 14:05:22 | INFO | gift_parser:start_gift_parsing_loop:107 - Gift list successfully updated in the database.
2025-06-05 14:05:25 | INFO | gift_parser:start_gift_parsing_loop:107 - Gift list successfully updated in the database.
2025-06-05 14:05:28 | INFO | gift_parser:start_gift_parsing_loop:107 - Gift list successfully updated in the database.
2025-06-05 14:05:32 | INFO | gift_parser:start_gift_parsing_loop:107 - Gift list successfully updated in the database.
2025-06-05 14:05:35 | INFO | gift_parser:start_gift_parsing_loop:107 - Gift list successfully updated in the database.
2025-06-05 14:05:38 | INFO | gift_parser:start_gift_parsing_loop:107 - Gift list successfully updated in the database.
2025-06-05 14:05:42 | INFO | gift_parser:start_gift_parsing_loop:107 - Gift list successfully updated in the database.
2025-06-05 14:05:45 | INFO | gift_parser:start_gift_parsing_loop:107 - Gift list successfully updated in the database.
